2013-07-13 18:15:52,874 - Log4JLogChute initialized using file 'velocity.log'
2013-07-13 18:15:52,875 - Starting Apache Velocity v1.5 (compiled: 2007-02-22 08:52:29)
2013-07-13 18:15:52,875 - Default Properties File: org\apache\velocity\runtime\defaults\velocity.properties
2013-07-13 18:15:52,875 - Trying to use logger class org.apache.velocity.runtime.log.AvalonLogChute
2013-07-13 18:15:52,875 - Couldn't find class org.apache.velocity.runtime.log.AvalonLogChute or necessary supporting classes in classpath.
java.lang.NoClassDefFoundError: org/apache/log/format/Formatter
	at java.lang.Class.forName0(Native Method)
	at java.lang.Class.forName(Unknown Source)
	at org.apache.velocity.util.ClassUtils.getClass(ClassUtils.java:63)
	at org.apache.velocity.util.ClassUtils.getNewInstance(ClassUtils.java:95)
	at org.apache.velocity.runtime.log.LogManager.createLogChute(LogManager.java:147)
	at org.apache.velocity.runtime.log.LogManager.updateLog(LogManager.java:208)
	at org.apache.velocity.runtime.RuntimeInstance.initializeLog(RuntimeInstance.java:728)
	at org.apache.velocity.runtime.RuntimeInstance.init(RuntimeInstance.java:240)
	at org.apache.velocity.runtime.RuntimeInstance.init(RuntimeInstance.java:534)
	at org.apache.velocity.runtime.RuntimeSingleton.init(RuntimeSingleton.java:227)
	at org.apache.velocity.app.Velocity.init(Velocity.java:111)
	at com.felees.hbnpojogen.Config.parseConfig(Config.java:71)
	at com.felees.hbnpojogen.HbnPojoGen.run(HbnPojoGen.java:417)
	at com.felees.hbnpojogen.HbnPojoGen.main(HbnPojoGen.java:470)
Caused by: java.lang.ClassNotFoundException: org.apache.log.format.Formatter
	at java.net.URLClassLoader$1.run(Unknown Source)
	at java.net.URLClassLoader$1.run(Unknown Source)
	at java.security.AccessController.doPrivileged(Native Method)
	at java.net.URLClassLoader.findClass(Unknown Source)
	at java.lang.ClassLoader.loadClass(Unknown Source)
	at sun.misc.Launcher$AppClassLoader.loadClass(Unknown Source)
	at java.lang.ClassLoader.loadClass(Unknown Source)
	... 14 more
2013-07-13 18:15:52,878 - Trying to use logger class org.apache.velocity.runtime.log.Log4JLogChute
2013-07-13 18:15:52,878 - Using logger class org.apache.velocity.runtime.log.Log4JLogChute
2013-07-13 18:15:52,880 - Default ResourceManager initializing. (class org.apache.velocity.runtime.resource.ResourceManagerImpl)
2013-07-13 18:15:52,881 - ResourceLoader instantiated: org.apache.velocity.runtime.resource.loader.ClasspathResourceLoader
2013-07-13 18:15:52,883 - ResourceCache: initialized (class org.apache.velocity.runtime.resource.ResourceCacheImpl)
2013-07-13 18:15:52,884 - Loaded System Directive: org.apache.velocity.runtime.directive.Literal
2013-07-13 18:15:52,885 - Loaded System Directive: org.apache.velocity.runtime.directive.Macro
2013-07-13 18:15:52,886 - Loaded System Directive: org.apache.velocity.runtime.directive.Parse
2013-07-13 18:15:52,887 - Loaded System Directive: org.apache.velocity.runtime.directive.Include
2013-07-13 18:15:52,887 - Loaded System Directive: org.apache.velocity.runtime.directive.Foreach
2013-07-13 18:15:52,908 - Created '20' parsers.
2013-07-13 18:15:52,912 - Velocimacro : "velocimacro.library" is not set.  Trying default library: VM_global_library.vm
2013-07-13 18:15:52,912 - Velocimacro : Default library not found.
2013-07-13 18:15:52,912 - Velocimacro : allowInline = true : VMs can be defined inline in templates
2013-07-13 18:15:52,913 - Velocimacro : allowInlineToOverride = false : VMs defined inline may NOT replace previous VM definitions
2013-07-13 18:15:52,913 - Velocimacro : allowInlineLocal = false : VMs defined inline will be global in scope if allowed.
2013-07-13 18:15:52,913 - Velocimacro : autoload off : VM system will not automatically reload global library macros
2013-07-13 18:15:52,922 - Velocimacro : added #doCalcFullType(  ) : source = templates/class.vm
2013-07-13 18:15:52,923 - Velocimacro : added #lazyManyToMany(  ) : source = templates/class.vm
2013-07-13 18:15:52,923 - Velocimacro : added #lazyOneToMany(  ) : source = templates/class.vm
2013-07-13 18:15:52,924 - Velocimacro : added #lazyOneToOne(  ) : source = templates/class.vm
2013-07-13 18:15:52,924 - Velocimacro : added #lazyManyToOne(  ) : source = templates/class.vm
2013-07-13 18:15:52,930 - Velocimacro : added #doAnnotations(  ) : source = templates/class.vm
2013-07-13 18:15:52,931 - Velocimacro : added #prefix(  ) : source = templates/class.vm
2013-07-13 18:15:52,932 - Velocimacro : added #doClassType(  ) : source = templates/class.vm
2013-07-13 18:15:52,934 - Velocimacro : added #doManyToMany(  property ) : source = templates/class.vm
2013-07-13 18:15:52,935 - Velocimacro : added #oneToManyAnnotation(  property ) : source = templates/class.vm
2013-07-13 18:15:52,939 - Velocimacro : added #manyToOneAnnotation(  property ) : source = templates/class.vm
2013-07-13 18:15:52,942 - Velocimacro : added #OneToOneAnnotation(  property ) : source = templates/class.vm
2013-07-13 18:15:52,944 - Velocimacro : added #doConstructorSignature(  ) : source = templates/class.vm
2013-07-13 18:15:52,949 - Velocimacro : added #doClassMacros(  ) : source = templates/class.vm
2013-07-13 18:15:53,015 - ResourceManager : found templates/class.vm with loader org.apache.velocity.runtime.resource.loader.ClasspathResourceLoader
2013-07-13 18:15:53,016 - Velocimacro : VM addition rejected : prefix : inline not allowed to replace existing VM
2013-07-13 18:15:53,016 - Failed to add macro: #prefix(  ) : source = templates/classIface.vm
2013-07-13 18:15:53,023 - ResourceManager : found templates/classIface.vm with loader org.apache.velocity.runtime.resource.loader.ClasspathResourceLoader
2013-07-13 18:15:54,950 - ResourceManager : found templates/dao.vm with loader org.apache.velocity.runtime.resource.loader.ClasspathResourceLoader
2013-07-13 18:15:54,953 - ResourceManager : found templates/daoInterface.vm with loader org.apache.velocity.runtime.resource.loader.ClasspathResourceLoader
2013-07-13 18:15:54,975 - ResourceManager : found templates/dao.vm with loader org.apache.velocity.runtime.resource.loader.ClasspathResourceLoader
2013-07-13 18:15:54,978 - ResourceManager : found templates/daoInterface.vm with loader org.apache.velocity.runtime.resource.loader.ClasspathResourceLoader
2013-07-13 18:15:55,032 - ResourceManager : found templates/dao.vm with loader org.apache.velocity.runtime.resource.loader.ClasspathResourceLoader
2013-07-13 18:15:55,042 - ResourceManager : found templates/daoInterface.vm with loader org.apache.velocity.runtime.resource.loader.ClasspathResourceLoader
2013-07-13 18:15:55,084 - ResourceManager : found templates/dao.vm with loader org.apache.velocity.runtime.resource.loader.ClasspathResourceLoader
2013-07-13 18:15:55,086 - ResourceManager : found templates/daoInterface.vm with loader org.apache.velocity.runtime.resource.loader.ClasspathResourceLoader
2013-07-13 18:15:55,109 - ResourceManager : found templates/dao.vm with loader org.apache.velocity.runtime.resource.loader.ClasspathResourceLoader
2013-07-13 18:15:55,111 - ResourceManager : found templates/daoInterface.vm with loader org.apache.velocity.runtime.resource.loader.ClasspathResourceLoader
2013-07-13 18:15:55,128 - ResourceManager : found templates/dao.vm with loader org.apache.velocity.runtime.resource.loader.ClasspathResourceLoader
2013-07-13 18:15:55,130 - ResourceManager : found templates/daoInterface.vm with loader org.apache.velocity.runtime.resource.loader.ClasspathResourceLoader
2013-07-13 18:15:55,156 - ResourceManager : found templates/dao.vm with loader org.apache.velocity.runtime.resource.loader.ClasspathResourceLoader
2013-07-13 18:15:55,158 - ResourceManager : found templates/daoInterface.vm with loader org.apache.velocity.runtime.resource.loader.ClasspathResourceLoader
2013-07-13 18:15:55,168 - ResourceManager : found templates/dao.vm with loader org.apache.velocity.runtime.resource.loader.ClasspathResourceLoader
2013-07-13 18:15:55,170 - ResourceManager : found templates/daoInterface.vm with loader org.apache.velocity.runtime.resource.loader.ClasspathResourceLoader
2013-07-13 18:15:55,181 - ResourceManager : found templates/dao.vm with loader org.apache.velocity.runtime.resource.loader.ClasspathResourceLoader
2013-07-13 18:15:55,183 - ResourceManager : found templates/daoInterface.vm with loader org.apache.velocity.runtime.resource.loader.ClasspathResourceLoader
2013-07-13 18:15:55,189 - ResourceManager : found templates/dao.vm with loader org.apache.velocity.runtime.resource.loader.ClasspathResourceLoader
2013-07-13 18:15:55,191 - ResourceManager : found templates/daoInterface.vm with loader org.apache.velocity.runtime.resource.loader.ClasspathResourceLoader
2013-07-13 18:15:55,205 - ResourceManager : found templates/dao.vm with loader org.apache.velocity.runtime.resource.loader.ClasspathResourceLoader
2013-07-13 18:15:55,208 - ResourceManager : found templates/daoInterface.vm with loader org.apache.velocity.runtime.resource.loader.ClasspathResourceLoader
2013-07-13 18:15:55,227 - ResourceManager : found templates/dao.vm with loader org.apache.velocity.runtime.resource.loader.ClasspathResourceLoader
2013-07-13 18:15:55,228 - ResourceManager : found templates/daoInterface.vm with loader org.apache.velocity.runtime.resource.loader.ClasspathResourceLoader
2013-07-13 18:15:55,237 - ResourceManager : found templates/dao.vm with loader org.apache.velocity.runtime.resource.loader.ClasspathResourceLoader
2013-07-13 18:15:55,240 - ResourceManager : found templates/daoInterface.vm with loader org.apache.velocity.runtime.resource.loader.ClasspathResourceLoader
2013-07-13 18:15:55,266 - ResourceManager : found templates/dao.vm with loader org.apache.velocity.runtime.resource.loader.ClasspathResourceLoader
2013-07-13 18:15:55,268 - ResourceManager : found templates/daoInterface.vm with loader org.apache.velocity.runtime.resource.loader.ClasspathResourceLoader
2013-07-13 18:15:55,280 - ResourceManager : found templates/dao.vm with loader org.apache.velocity.runtime.resource.loader.ClasspathResourceLoader
2013-07-13 18:15:55,283 - ResourceManager : found templates/daoInterface.vm with loader org.apache.velocity.runtime.resource.loader.ClasspathResourceLoader
2013-07-13 18:15:55,299 - ResourceManager : found templates/dao.vm with loader org.apache.velocity.runtime.resource.loader.ClasspathResourceLoader
2013-07-13 18:15:55,301 - ResourceManager : found templates/daoInterface.vm with loader org.apache.velocity.runtime.resource.loader.ClasspathResourceLoader
2013-07-13 18:15:55,326 - ResourceManager : found templates/dao.vm with loader org.apache.velocity.runtime.resource.loader.ClasspathResourceLoader
2013-07-13 18:15:55,335 - ResourceManager : found templates/daoInterface.vm with loader org.apache.velocity.runtime.resource.loader.ClasspathResourceLoader
2013-07-13 18:15:55,374 - ResourceManager : found templates/dao.vm with loader org.apache.velocity.runtime.resource.loader.ClasspathResourceLoader
2013-07-13 18:15:55,379 - ResourceManager : found templates/daoInterface.vm with loader org.apache.velocity.runtime.resource.loader.ClasspathResourceLoader
2013-07-13 18:15:55,400 - ResourceManager : found templates/dao.vm with loader org.apache.velocity.runtime.resource.loader.ClasspathResourceLoader
2013-07-13 18:15:55,403 - ResourceManager : found templates/daoInterface.vm with loader org.apache.velocity.runtime.resource.loader.ClasspathResourceLoader
2013-07-13 18:15:55,408 - ResourceManager : found templates/dao.vm with loader org.apache.velocity.runtime.resource.loader.ClasspathResourceLoader
2013-07-13 18:15:55,410 - ResourceManager : found templates/daoInterface.vm with loader org.apache.velocity.runtime.resource.loader.ClasspathResourceLoader
2013-07-13 18:15:55,422 - ResourceManager : found templates/dao.vm with loader org.apache.velocity.runtime.resource.loader.ClasspathResourceLoader
2013-07-13 18:15:55,424 - ResourceManager : found templates/daoInterface.vm with loader org.apache.velocity.runtime.resource.loader.ClasspathResourceLoader
2013-07-13 18:15:55,448 - ResourceManager : found templates/dao.vm with loader org.apache.velocity.runtime.resource.loader.ClasspathResourceLoader
2013-07-13 18:15:55,450 - ResourceManager : found templates/daoInterface.vm with loader org.apache.velocity.runtime.resource.loader.ClasspathResourceLoader
2013-07-13 18:15:55,460 - ResourceManager : found templates/dao.vm with loader org.apache.velocity.runtime.resource.loader.ClasspathResourceLoader
2013-07-13 18:15:55,477 - ResourceManager : found templates/daoInterface.vm with loader org.apache.velocity.runtime.resource.loader.ClasspathResourceLoader
2013-07-13 18:15:55,480 - ResourceManager : found templates/dao.vm with loader org.apache.velocity.runtime.resource.loader.ClasspathResourceLoader
2013-07-13 18:15:55,482 - ResourceManager : found templates/daoInterface.vm with loader org.apache.velocity.runtime.resource.loader.ClasspathResourceLoader
2013-07-13 18:15:55,516 - ResourceManager : found templates/dao.vm with loader org.apache.velocity.runtime.resource.loader.ClasspathResourceLoader
2013-07-13 18:15:55,518 - ResourceManager : found templates/daoInterface.vm with loader org.apache.velocity.runtime.resource.loader.ClasspathResourceLoader
2013-07-13 18:15:55,541 - ResourceManager : found templates/dao.vm with loader org.apache.velocity.runtime.resource.loader.ClasspathResourceLoader
2013-07-13 18:15:55,552 - ResourceManager : found templates/daoInterface.vm with loader org.apache.velocity.runtime.resource.loader.ClasspathResourceLoader
2013-07-13 18:15:55,569 - ResourceManager : found templates/dao.vm with loader org.apache.velocity.runtime.resource.loader.ClasspathResourceLoader
2013-07-13 18:15:55,571 - ResourceManager : found templates/daoInterface.vm with loader org.apache.velocity.runtime.resource.loader.ClasspathResourceLoader
2013-07-13 18:15:55,575 - ResourceManager : found templates/dao.vm with loader org.apache.velocity.runtime.resource.loader.ClasspathResourceLoader
2013-07-13 18:15:55,576 - ResourceManager : found templates/daoInterface.vm with loader org.apache.velocity.runtime.resource.loader.ClasspathResourceLoader
2013-07-13 18:15:55,599 - ResourceManager : found templates/dao.vm with loader org.apache.velocity.runtime.resource.loader.ClasspathResourceLoader
2013-07-13 18:15:55,600 - ResourceManager : found templates/daoInterface.vm with loader org.apache.velocity.runtime.resource.loader.ClasspathResourceLoader
2013-07-13 18:15:55,608 - ResourceManager : found templates/dao.vm with loader org.apache.velocity.runtime.resource.loader.ClasspathResourceLoader
2013-07-13 18:15:55,610 - ResourceManager : found templates/daoInterface.vm with loader org.apache.velocity.runtime.resource.loader.ClasspathResourceLoader
2013-07-13 18:15:55,615 - ResourceManager : found templates/dao.vm with loader org.apache.velocity.runtime.resource.loader.ClasspathResourceLoader
2013-07-13 18:15:55,617 - ResourceManager : found templates/daoInterface.vm with loader org.apache.velocity.runtime.resource.loader.ClasspathResourceLoader
2013-07-13 18:15:55,626 - ResourceManager : found templates/dao.vm with loader org.apache.velocity.runtime.resource.loader.ClasspathResourceLoader
2013-07-13 18:15:55,628 - ResourceManager : found templates/daoInterface.vm with loader org.apache.velocity.runtime.resource.loader.ClasspathResourceLoader
2013-07-13 18:15:55,632 - ResourceManager : found templates/dao.vm with loader org.apache.velocity.runtime.resource.loader.ClasspathResourceLoader
2013-07-13 18:15:55,633 - ResourceManager : found templates/daoInterface.vm with loader org.apache.velocity.runtime.resource.loader.ClasspathResourceLoader
2013-07-13 18:15:55,666 - ResourceManager : found templates/dao.vm with loader org.apache.velocity.runtime.resource.loader.ClasspathResourceLoader
2013-07-13 18:15:55,667 - ResourceManager : found templates/daoInterface.vm with loader org.apache.velocity.runtime.resource.loader.ClasspathResourceLoader
2013-07-13 18:15:55,671 - ResourceManager : found templates/dao.vm with loader org.apache.velocity.runtime.resource.loader.ClasspathResourceLoader
2013-07-13 18:15:55,690 - ResourceManager : found templates/daoInterface.vm with loader org.apache.velocity.runtime.resource.loader.ClasspathResourceLoader
2013-07-13 18:15:55,698 - ResourceManager : found templates/dao.vm with loader org.apache.velocity.runtime.resource.loader.ClasspathResourceLoader
2013-07-13 18:15:55,699 - ResourceManager : found templates/daoInterface.vm with loader org.apache.velocity.runtime.resource.loader.ClasspathResourceLoader
2013-07-13 18:15:55,704 - ResourceManager : found templates/dao.vm with loader org.apache.velocity.runtime.resource.loader.ClasspathResourceLoader
2013-07-13 18:15:55,705 - ResourceManager : found templates/daoInterface.vm with loader org.apache.velocity.runtime.resource.loader.ClasspathResourceLoader
2013-07-13 18:15:55,727 - ResourceManager : found templates/dao.vm with loader org.apache.velocity.runtime.resource.loader.ClasspathResourceLoader
2013-07-13 18:15:55,729 - ResourceManager : found templates/daoInterface.vm with loader org.apache.velocity.runtime.resource.loader.ClasspathResourceLoader
2013-07-13 18:15:55,740 - ResourceManager : found templates/dao.vm with loader org.apache.velocity.runtime.resource.loader.ClasspathResourceLoader
2013-07-13 18:15:55,744 - ResourceManager : found templates/daoInterface.vm with loader org.apache.velocity.runtime.resource.loader.ClasspathResourceLoader
2013-07-13 18:15:55,752 - ResourceManager : found templates/dao.vm with loader org.apache.velocity.runtime.resource.loader.ClasspathResourceLoader
2013-07-13 18:15:55,753 - ResourceManager : found templates/daoInterface.vm with loader org.apache.velocity.runtime.resource.loader.ClasspathResourceLoader
2013-07-13 18:15:55,757 - ResourceManager : found templates/dao.vm with loader org.apache.velocity.runtime.resource.loader.ClasspathResourceLoader
2013-07-13 18:15:55,758 - ResourceManager : found templates/daoInterface.vm with loader org.apache.velocity.runtime.resource.loader.ClasspathResourceLoader
2013-07-13 18:15:55,765 - ResourceManager : found templates/dao.vm with loader org.apache.velocity.runtime.resource.loader.ClasspathResourceLoader
2013-07-13 18:15:55,767 - ResourceManager : found templates/daoInterface.vm with loader org.apache.velocity.runtime.resource.loader.ClasspathResourceLoader
2013-07-13 18:15:55,771 - ResourceManager : found templates/dao.vm with loader org.apache.velocity.runtime.resource.loader.ClasspathResourceLoader
2013-07-13 18:15:55,773 - ResourceManager : found templates/daoInterface.vm with loader org.apache.velocity.runtime.resource.loader.ClasspathResourceLoader
2013-07-13 18:15:55,777 - ResourceManager : found templates/dao.vm with loader org.apache.velocity.runtime.resource.loader.ClasspathResourceLoader
2013-07-13 18:15:55,779 - ResourceManager : found templates/daoInterface.vm with loader org.apache.velocity.runtime.resource.loader.ClasspathResourceLoader
2013-07-13 18:15:55,782 - ResourceManager : found templates/dao.vm with loader org.apache.velocity.runtime.resource.loader.ClasspathResourceLoader
2013-07-13 18:15:55,783 - ResourceManager : found templates/daoInterface.vm with loader org.apache.velocity.runtime.resource.loader.ClasspathResourceLoader
2013-07-13 18:15:55,789 - ResourceManager : found templates/dao.vm with loader org.apache.velocity.runtime.resource.loader.ClasspathResourceLoader
2013-07-13 18:15:55,791 - ResourceManager : found templates/daoInterface.vm with loader org.apache.velocity.runtime.resource.loader.ClasspathResourceLoader
2013-07-13 18:15:55,793 - ResourceManager : found templates/dao.vm with loader org.apache.velocity.runtime.resource.loader.ClasspathResourceLoader
2013-07-13 18:15:55,794 - ResourceManager : found templates/daoInterface.vm with loader org.apache.velocity.runtime.resource.loader.ClasspathResourceLoader
2013-07-13 18:15:55,796 - ResourceManager : found templates/dao.vm with loader org.apache.velocity.runtime.resource.loader.ClasspathResourceLoader
2013-07-13 18:15:55,797 - ResourceManager : found templates/daoInterface.vm with loader org.apache.velocity.runtime.resource.loader.ClasspathResourceLoader
2013-07-13 18:15:55,799 - ResourceManager : found templates/dao.vm with loader org.apache.velocity.runtime.resource.loader.ClasspathResourceLoader
2013-07-13 18:15:55,800 - ResourceManager : found templates/daoInterface.vm with loader org.apache.velocity.runtime.resource.loader.ClasspathResourceLoader
2013-07-13 18:15:55,803 - ResourceManager : found templates/dao.vm with loader org.apache.velocity.runtime.resource.loader.ClasspathResourceLoader
2013-07-13 18:15:55,805 - ResourceManager : found templates/daoInterface.vm with loader org.apache.velocity.runtime.resource.loader.ClasspathResourceLoader
2013-07-13 18:15:55,808 - ResourceManager : found templates/dao.vm with loader org.apache.velocity.runtime.resource.loader.ClasspathResourceLoader
2013-07-13 18:15:55,809 - ResourceManager : found templates/daoInterface.vm with loader org.apache.velocity.runtime.resource.loader.ClasspathResourceLoader
2013-07-13 18:15:55,811 - ResourceManager : found templates/dao.vm with loader org.apache.velocity.runtime.resource.loader.ClasspathResourceLoader
2013-07-13 18:15:55,812 - ResourceManager : found templates/daoInterface.vm with loader org.apache.velocity.runtime.resource.loader.ClasspathResourceLoader
2013-07-13 18:15:55,815 - ResourceManager : found templates/dao.vm with loader org.apache.velocity.runtime.resource.loader.ClasspathResourceLoader
2013-07-13 18:15:55,816 - ResourceManager : found templates/daoInterface.vm with loader org.apache.velocity.runtime.resource.loader.ClasspathResourceLoader
2013-07-13 18:15:55,819 - ResourceManager : found templates/dao.vm with loader org.apache.velocity.runtime.resource.loader.ClasspathResourceLoader
2013-07-13 18:15:55,820 - ResourceManager : found templates/daoInterface.vm with loader org.apache.velocity.runtime.resource.loader.ClasspathResourceLoader
2013-07-13 18:15:55,824 - ResourceManager : found templates/dao.vm with loader org.apache.velocity.runtime.resource.loader.ClasspathResourceLoader
2013-07-13 18:15:55,825 - ResourceManager : found templates/daoInterface.vm with loader org.apache.velocity.runtime.resource.loader.ClasspathResourceLoader
2013-07-13 18:15:55,827 - ResourceManager : found templates/dao.vm with loader org.apache.velocity.runtime.resource.loader.ClasspathResourceLoader
2013-07-13 18:15:55,828 - ResourceManager : found templates/daoInterface.vm with loader org.apache.velocity.runtime.resource.loader.ClasspathResourceLoader
2013-07-13 18:15:55,856 - ResourceManager : found templates/dao.vm with loader org.apache.velocity.runtime.resource.loader.ClasspathResourceLoader
2013-07-13 18:15:55,857 - ResourceManager : found templates/daoInterface.vm with loader org.apache.velocity.runtime.resource.loader.ClasspathResourceLoader
2013-07-13 18:15:55,861 - ResourceManager : found templates/dao.vm with loader org.apache.velocity.runtime.resource.loader.ClasspathResourceLoader
2013-07-13 18:15:55,862 - ResourceManager : found templates/daoInterface.vm with loader org.apache.velocity.runtime.resource.loader.ClasspathResourceLoader
2013-07-13 18:15:55,864 - ResourceManager : found templates/dao.vm with loader org.apache.velocity.runtime.resource.loader.ClasspathResourceLoader
2013-07-13 18:15:55,865 - ResourceManager : found templates/daoInterface.vm with loader org.apache.velocity.runtime.resource.loader.ClasspathResourceLoader
2013-07-13 18:15:55,868 - ResourceManager : found templates/dao.vm with loader org.apache.velocity.runtime.resource.loader.ClasspathResourceLoader
2013-07-13 18:15:55,869 - ResourceManager : found templates/daoInterface.vm with loader org.apache.velocity.runtime.resource.loader.ClasspathResourceLoader
2013-07-13 18:15:55,873 - ResourceManager : found templates/dao.vm with loader org.apache.velocity.runtime.resource.loader.ClasspathResourceLoader
2013-07-13 18:15:55,874 - ResourceManager : found templates/daoInterface.vm with loader org.apache.velocity.runtime.resource.loader.ClasspathResourceLoader
2013-07-13 18:15:55,877 - ResourceManager : found templates/dao.vm with loader org.apache.velocity.runtime.resource.loader.ClasspathResourceLoader
2013-07-13 18:15:55,878 - ResourceManager : found templates/daoInterface.vm with loader org.apache.velocity.runtime.resource.loader.ClasspathResourceLoader
2013-07-13 18:15:55,880 - ResourceManager : found templates/dao.vm with loader org.apache.velocity.runtime.resource.loader.ClasspathResourceLoader
2013-07-13 18:15:55,881 - ResourceManager : found templates/daoInterface.vm with loader org.apache.velocity.runtime.resource.loader.ClasspathResourceLoader
2013-07-13 18:15:55,886 - ResourceManager : found templates/dao.vm with loader org.apache.velocity.runtime.resource.loader.ClasspathResourceLoader
2013-07-13 18:15:55,887 - ResourceManager : found templates/daoInterface.vm with loader org.apache.velocity.runtime.resource.loader.ClasspathResourceLoader
2013-07-13 18:15:55,889 - ResourceManager : found templates/dao.vm with loader org.apache.velocity.runtime.resource.loader.ClasspathResourceLoader
2013-07-13 18:15:55,890 - ResourceManager : found templates/daoInterface.vm with loader org.apache.velocity.runtime.resource.loader.ClasspathResourceLoader
2013-07-13 18:15:55,917 - ResourceManager : found templates/dao.vm with loader org.apache.velocity.runtime.resource.loader.ClasspathResourceLoader
2013-07-13 18:15:55,917 - ResourceManager : found templates/daoInterface.vm with loader org.apache.velocity.runtime.resource.loader.ClasspathResourceLoader
2013-07-13 18:15:55,919 - ResourceManager : found templates/dao.vm with loader org.apache.velocity.runtime.resource.loader.ClasspathResourceLoader
2013-07-13 18:15:55,920 - ResourceManager : found templates/daoInterface.vm with loader org.apache.velocity.runtime.resource.loader.ClasspathResourceLoader
2013-07-13 18:15:55,924 - ResourceManager : found templates/dao.vm with loader org.apache.velocity.runtime.resource.loader.ClasspathResourceLoader
2013-07-13 18:15:55,925 - ResourceManager : found templates/daoInterface.vm with loader org.apache.velocity.runtime.resource.loader.ClasspathResourceLoader
2013-07-13 18:15:55,927 - ResourceManager : found templates/dao.vm with loader org.apache.velocity.runtime.resource.loader.ClasspathResourceLoader
2013-07-13 18:15:55,928 - ResourceManager : found templates/daoInterface.vm with loader org.apache.velocity.runtime.resource.loader.ClasspathResourceLoader
2013-07-13 18:15:55,931 - ResourceManager : found templates/dao.vm with loader org.apache.velocity.runtime.resource.loader.ClasspathResourceLoader
2013-07-13 18:15:55,932 - ResourceManager : found templates/daoInterface.vm with loader org.apache.velocity.runtime.resource.loader.ClasspathResourceLoader
2013-07-13 18:15:55,934 - ResourceManager : found templates/dao.vm with loader org.apache.velocity.runtime.resource.loader.ClasspathResourceLoader
2013-07-13 18:15:55,935 - ResourceManager : found templates/daoInterface.vm with loader org.apache.velocity.runtime.resource.loader.ClasspathResourceLoader
2013-07-13 18:15:55,937 - ResourceManager : found templates/dao.vm with loader org.apache.velocity.runtime.resource.loader.ClasspathResourceLoader
2013-07-13 18:15:55,938 - ResourceManager : found templates/daoInterface.vm with loader org.apache.velocity.runtime.resource.loader.ClasspathResourceLoader
2013-07-13 18:15:55,941 - ResourceManager : found templates/dao.vm with loader org.apache.velocity.runtime.resource.loader.ClasspathResourceLoader
2013-07-13 18:15:55,942 - ResourceManager : found templates/daoInterface.vm with loader org.apache.velocity.runtime.resource.loader.ClasspathResourceLoader
2013-07-13 18:15:55,944 - ResourceManager : found templates/dao.vm with loader org.apache.velocity.runtime.resource.loader.ClasspathResourceLoader
2013-07-13 18:15:55,945 - ResourceManager : found templates/daoInterface.vm with loader org.apache.velocity.runtime.resource.loader.ClasspathResourceLoader
2013-07-13 18:15:55,947 - ResourceManager : found templates/dao.vm with loader org.apache.velocity.runtime.resource.loader.ClasspathResourceLoader
2013-07-13 18:15:55,948 - ResourceManager : found templates/daoInterface.vm with loader org.apache.velocity.runtime.resource.loader.ClasspathResourceLoader
2013-07-13 18:15:55,951 - ResourceManager : found templates/dao.vm with loader org.apache.velocity.runtime.resource.loader.ClasspathResourceLoader
2013-07-13 18:15:55,952 - ResourceManager : found templates/daoInterface.vm with loader org.apache.velocity.runtime.resource.loader.ClasspathResourceLoader
2013-07-13 18:15:55,954 - ResourceManager : found templates/dao.vm with loader org.apache.velocity.runtime.resource.loader.ClasspathResourceLoader
2013-07-13 18:15:55,956 - ResourceManager : found templates/daoInterface.vm with loader org.apache.velocity.runtime.resource.loader.ClasspathResourceLoader
2013-07-13 18:15:55,961 - ResourceManager : found templates/dao.vm with loader org.apache.velocity.runtime.resource.loader.ClasspathResourceLoader
2013-07-13 18:15:55,962 - ResourceManager : found templates/daoInterface.vm with loader org.apache.velocity.runtime.resource.loader.ClasspathResourceLoader
2013-07-13 18:15:55,966 - Velocimacro : added #state(  ) : source = templates/enum.vm
2013-07-13 18:15:55,968 - ResourceManager : found templates/enum.vm with loader org.apache.velocity.runtime.resource.loader.ClasspathResourceLoader
2013-07-13 18:15:55,968 - ResourceManager : found templates/enumClass.vm with loader org.apache.velocity.runtime.resource.loader.ClasspathResourceLoader
2013-07-13 18:15:55,975 - ResourceManager : found templates/daoFactory.vm with loader org.apache.velocity.runtime.resource.loader.ClasspathResourceLoader
2013-07-13 18:15:55,978 - ResourceManager : found templates/daoFactory.vm with loader org.apache.velocity.runtime.resource.loader.ClasspathResourceLoader
2013-07-13 18:15:55,979 - ResourceManager : found templates/daoFactory.vm with loader org.apache.velocity.runtime.resource.loader.ClasspathResourceLoader
2013-07-13 18:15:55,981 - ResourceManager : found templates/daoFactory.vm with loader org.apache.velocity.runtime.resource.loader.ClasspathResourceLoader
2013-07-13 18:15:55,982 - ResourceManager : found templates/daoFactory.vm with loader org.apache.velocity.runtime.resource.loader.ClasspathResourceLoader
2013-07-13 18:15:55,984 - ResourceManager : found templates/daoFactory.vm with loader org.apache.velocity.runtime.resource.loader.ClasspathResourceLoader
2013-07-13 18:15:55,986 - ResourceManager : found templates/daoFactory.vm with loader org.apache.velocity.runtime.resource.loader.ClasspathResourceLoader
2013-07-13 18:15:55,987 - ResourceManager : found templates/daoFactory.vm with loader org.apache.velocity.runtime.resource.loader.ClasspathResourceLoader
2013-07-13 18:15:55,989 - ResourceManager : found templates/daoFactory.vm with loader org.apache.velocity.runtime.resource.loader.ClasspathResourceLoader
2013-07-13 18:15:55,990 - ResourceManager : found templates/daoFactory.vm with loader org.apache.velocity.runtime.resource.loader.ClasspathResourceLoader
2013-07-13 18:15:55,991 - ResourceManager : found templates/daoFactory.vm with loader org.apache.velocity.runtime.resource.loader.ClasspathResourceLoader
2013-07-13 18:15:55,993 - ResourceManager : found templates/daoFactory.vm with loader org.apache.velocity.runtime.resource.loader.ClasspathResourceLoader
2013-07-13 18:15:55,994 - ResourceManager : found templates/daoFactory.vm with loader org.apache.velocity.runtime.resource.loader.ClasspathResourceLoader
2013-07-13 18:15:55,995 - ResourceManager : found templates/daoFactory.vm with loader org.apache.velocity.runtime.resource.loader.ClasspathResourceLoader
2013-07-13 18:15:55,997 - ResourceManager : found templates/daoFactory.vm with loader org.apache.velocity.runtime.resource.loader.ClasspathResourceLoader
2013-07-13 18:15:55,998 - ResourceManager : found templates/daoFactory.vm with loader org.apache.velocity.runtime.resource.loader.ClasspathResourceLoader
2013-07-13 18:15:56,000 - ResourceManager : found templates/daoFactory.vm with loader org.apache.velocity.runtime.resource.loader.ClasspathResourceLoader
2013-07-13 18:15:56,001 - ResourceManager : found templates/daoFactory.vm with loader org.apache.velocity.runtime.resource.loader.ClasspathResourceLoader
2013-07-13 18:15:56,003 - ResourceManager : found templates/daoFactory.vm with loader org.apache.velocity.runtime.resource.loader.ClasspathResourceLoader
2013-07-13 18:15:56,004 - ResourceManager : found templates/daoFactory.vm with loader org.apache.velocity.runtime.resource.loader.ClasspathResourceLoader
2013-07-13 18:15:56,006 - ResourceManager : found templates/daoFactory.vm with loader org.apache.velocity.runtime.resource.loader.ClasspathResourceLoader
2013-07-13 18:15:56,008 - ResourceManager : found templates/daoFactory.vm with loader org.apache.velocity.runtime.resource.loader.ClasspathResourceLoader
2013-07-13 18:15:56,009 - ResourceManager : found templates/daoFactory.vm with loader org.apache.velocity.runtime.resource.loader.ClasspathResourceLoader
2013-07-13 18:15:56,011 - ResourceManager : found templates/daoFactory.vm with loader org.apache.velocity.runtime.resource.loader.ClasspathResourceLoader
2013-07-13 18:15:56,013 - ResourceManager : found templates/daoFactory.vm with loader org.apache.velocity.runtime.resource.loader.ClasspathResourceLoader
2013-07-13 18:15:56,015 - ResourceManager : found templates/daoFactory.vm with loader org.apache.velocity.runtime.resource.loader.ClasspathResourceLoader
2013-07-13 18:15:56,017 - ResourceManager : found templates/daoFactory.vm with loader org.apache.velocity.runtime.resource.loader.ClasspathResourceLoader
2013-07-13 18:15:56,018 - ResourceManager : found templates/daoFactory.vm with loader org.apache.velocity.runtime.resource.loader.ClasspathResourceLoader
2013-07-13 18:15:56,020 - ResourceManager : found templates/daoFactory.vm with loader org.apache.velocity.runtime.resource.loader.ClasspathResourceLoader
2013-07-13 18:15:56,022 - ResourceManager : found templates/daoFactory.vm with loader org.apache.velocity.runtime.resource.loader.ClasspathResourceLoader
2013-07-13 18:15:56,023 - ResourceManager : found templates/daoFactory.vm with loader org.apache.velocity.runtime.resource.loader.ClasspathResourceLoader
2013-07-13 18:15:56,025 - ResourceManager : found templates/daoFactory.vm with loader org.apache.velocity.runtime.resource.loader.ClasspathResourceLoader
2013-07-13 18:15:56,027 - ResourceManager : found templates/daoFactory.vm with loader org.apache.velocity.runtime.resource.loader.ClasspathResourceLoader
2013-07-13 18:15:56,028 - ResourceManager : found templates/daoFactory.vm with loader org.apache.velocity.runtime.resource.loader.ClasspathResourceLoader
2013-07-13 18:15:56,030 - ResourceManager : found templates/daoFactory.vm with loader org.apache.velocity.runtime.resource.loader.ClasspathResourceLoader
2013-07-13 18:15:56,032 - ResourceManager : found templates/daoFactory.vm with loader org.apache.velocity.runtime.resource.loader.ClasspathResourceLoader
2013-07-13 18:15:56,034 - ResourceManager : found templates/daoFactory.vm with loader org.apache.velocity.runtime.resource.loader.ClasspathResourceLoader
2013-07-13 18:15:56,035 - ResourceManager : found templates/daoFactory.vm with loader org.apache.velocity.runtime.resource.loader.ClasspathResourceLoader
2013-07-13 18:15:56,037 - ResourceManager : found templates/daoFactory.vm with loader org.apache.velocity.runtime.resource.loader.ClasspathResourceLoader
2013-07-13 18:15:56,043 - ResourceManager : found templates/applicationContext.vm with loader org.apache.velocity.runtime.resource.loader.ClasspathResourceLoader
2013-07-13 18:15:56,049 - ResourceManager : found templates/hbnPojoGenBuild.vm with loader org.apache.velocity.runtime.resource.loader.ClasspathResourceLoader
2013-07-13 18:15:56,051 - ResourceManager : found templates/ehcache.vm with loader org.apache.velocity.runtime.resource.loader.ClasspathResourceLoader
2013-07-13 18:15:56,057 - Velocimacro : added #doprefix(  ) : source = templates/daotest.vm
2013-07-13 18:15:56,057 - Velocimacro : added #doSuffix(  ) : source = templates/daotest.vm
2013-07-13 18:15:56,058 - Velocimacro : added #custom(  title ) : source = templates/daotest.vm
2013-07-13 18:15:56,058 - Velocimacro : added #customPost(  title ) : source = templates/daotest.vm
2013-07-13 18:15:56,059 - Velocimacro : added #cleanup(  title firstPass ) : source = templates/daotest.vm
2013-07-13 18:15:56,066 - ResourceManager : found templates/daotest.vm with loader org.apache.velocity.runtime.resource.loader.ClasspathResourceLoader
2013-07-13 18:15:56,162 - ResourceManager : found templates/dataPoolFactory.vm with loader org.apache.velocity.runtime.resource.loader.ClasspathResourceLoader
2013-07-13 18:15:56,221 - Velocimacro : added #classname(  ) : source = templates/datalayer.vm
2013-07-13 18:15:56,222 - Velocimacro : added #cn(  ) : source = templates/datalayer.vm
2013-07-13 18:15:56,225 - ResourceManager : found templates/datalayer.vm with loader org.apache.velocity.runtime.resource.loader.ClasspathResourceLoader
2013-07-13 18:15:56,228 - Null reference [template 'templates/datalayer.vm', line 115, column 27] : $class.className cannot be resolved.
2013-07-13 18:15:56,228 - Null reference [template 'templates/datalayer.vm', line 135, column 35] : $class.className cannot be resolved.
2013-07-13 18:15:56,240 - Null reference [template 'templates/datalayer.vm', line 115, column 27] : $class.className cannot be resolved.
2013-07-13 18:15:56,240 - Null reference [template 'templates/datalayer.vm', line 135, column 35] : $class.className cannot be resolved.
